Round: 0 -- AdamKosh  ShahDokht   --  Coin: 2 
Round: 1 -- Farmandeh  BozorgZade   --  Coin: 2 
Round: 2 -- Farmandeh  BozorgZade   --  Coin: 2 
Round: 3 -- Safir  AdamKosh   --  Coin: 2 
----------------------------------------- : start : -----------------------------------------
Round: 0
Round: 0 -- AdamKosh  ShahDokht   --  Coin: 2 
Round: 1 -- Farmandeh  BozorgZade   --  Coin: 2 
Round: 2 -- Farmandeh  BozorgZade   --  Coin: 2 
Round: 3 -- Safir  AdamKosh   --  Coin: 2 
0 -> Change second card 
0 -> Card ShahDokht change to BozorgZade
Round: 0 -- AdamKosh  ShahDokht   --  Coin: 1 
Round: 1 -- Farmandeh  BozorgZade   --  Coin: 2 
Round: 2 -- Farmandeh  BozorgZade   --  Coin: 2 
Round: 3 -- Safir  AdamKosh   --  Coin: 2 
----------------------------------------- : next round : -----------------------------------------
Round: 1
Round: 0 -- AdamKosh  ShahDokht   --  Coin: 1 
Round: 1 -- Farmandeh  BozorgZade   --  Coin: 2 
Round: 2 -- Farmandeh  BozorgZade   --  Coin: 2 
Round: 3 -- Safir  AdamKosh   --  Coin: 2 
1 -> Bank : BozorgZade(Get 3 money)
2 -> 1 : Chalesh
2 -> loose chalesh : Card should remove BozorgZade
-1 -> Win chalesh : Should change card Bozorgzade
2 -> Bank : Get 3 money
Round: 0 -- AdamKosh  ShahDokht   --  Coin: 1 
Round: 1 -- Farmandeh  Safir   --  Coin: 5 
Round: 2 -- Farmandeh   --  Coin: 2 
Round: 3 -- Safir  AdamKosh   --  Coin: 2 
----------------------------------------- : next round : -----------------------------------------
Round: 2
Round: 0 -- AdamKosh  ShahDokht   --  Coin: 1 
Round: 1 -- Farmandeh  Safir   --  Coin: 5 
Round: 2 -- Farmandeh   --  Coin: 2 
Round: 3 -- Safir  AdamKosh   --  Coin: 2 
2 -> Change second card 
2 -> Card Farmandeh change to Safir
Round: 0 -- AdamKosh  ShahDokht   --  Coin: 1 
Round: 1 -- Farmandeh  Safir   --  Coin: 5 
Round: 2 -- Farmandeh   --  Coin: 1 
Round: 3 -- Safir  AdamKosh   --  Coin: 2 
----------------------------------------- : next round : -----------------------------------------
Round: 3
Round: 0 -- AdamKosh  ShahDokht   --  Coin: 1 
Round: 1 -- Farmandeh  Safir   --  Coin: 5 
Round: 2 -- Farmandeh   --  Coin: 1 
Round: 3 -- Safir  AdamKosh   --  Coin: 2 
3 -> Safir : Change first card
1 -> 3 : Chalesh
1 -> Loose chalesh : Remove card Farmandeh
3 -> Should change card safir
3 -> First card changed
Round: 0 -- AdamKosh  ShahDokht   --  Coin: 1 
Round: 1 -- Safir   --  Coin: 5 
Round: 2 -- Farmandeh   --  Coin: 1 
Round: 3 -- Farmandeh  Safir   --  Coin: 2 
----------------------------------------- : next round : -----------------------------------------
Round: 0
Round: 0 -- AdamKosh  ShahDokht   --  Coin: 1 
Round: 1 -- Safir   --  Coin: 5 
Round: 2 -- Farmandeh   --  Coin: 1 
Round: 3 -- Farmandeh  Safir   --  Coin: 2 
0 -> Bank : BozorgZade(Get 3 money)
Round: 0 -- AdamKosh  ShahDokht   --  Coin: 4 
Round: 1 -- Safir   --  Coin: 5 
Round: 2 -- Farmandeh   --  Coin: 1 
Round: 3 -- Farmandeh  Safir   --  Coin: 2 
----------------------------------------- : next round : -----------------------------------------
Round: 1
Round: 0 -- AdamKosh  ShahDokht   --  Coin: 4 
Round: 1 -- Safir   --  Coin: 5 
Round: 2 -- Farmandeh   --  Coin: 1 
Round: 3 -- Farmandeh  Safir   --  Coin: 2 
1 -> Safir : Change first card
2 -> 1 : Chalesh
2 -> Loose chalesh : Remove card Farmandeh
1 -> Should change card safir
1 -> First card changed
Round: 0 -- AdamKosh  ShahDokht   --  Coin: 4 
Round: 1 -- Safir   --  Coin: 5 
Round: 3 -- Farmandeh  Safir   --  Coin: 2 
----------------------------------------- : next round : -----------------------------------------
Round: 3
Round: 0 -- AdamKosh  ShahDokht   --  Coin: 4 
Round: 1 -- Safir   --  Coin: 5 
Round: 3 -- Farmandeh  Safir   --  Coin: 2 
3 -> Safir : Change first card
1 -> 3 : Chalesh
1 -> Loose chalesh : Remove card Safir
3 -> Should change card safir
3 -> First card changed
Round: 0 -- AdamKosh  ShahDokht   --  Coin: 4 
Round: 3 -- AdamKosh  ShahDokht   --  Coin: 2 
----------------------------------------- : next round : -----------------------------------------
